{
  "RSpec": {
    "coverage": {
      "/home/overlander/the_odin_project/rails/testing_practice/spec/features/create_city_spec.rb": {
        "lines": [
          1,
          null,
          1,
          1,
          1,
          1,
          1,
          1,
          1,
          1,
          null,
          null,
          null,
          1,
          1,
          1,
          1,
          1,
          1,
          null,
          null,
          null,
          1,
          1,
          1,
          1,
          1,
          1,
          1,
          1,
          null,
          null,
          null,
          1,
          1,
          1,
          1,
          null,
          1,
          1,
          1,
          null,
          null,
          null
        ]
      },
      "/home/overlander/the_odin_project/rails/testing_practice/spec/rails_helper.rb": {
        "lines": [
          null,
          1,
          1,
          1,
          null,
          1,
          1,
          null,
          null,
          null,
          null,
          null,
          null,
          null,
          null,
          null,
          null,
          null,
          null,
          null,
          null,
          null,
          null,
          null,
          null,
          null,
          null,
          1,
          null,
          0,
          0,
          null,
          1,
          null,
          1,
          null,
          null,
          null,
          null,
          1,
          null,
          null,
          null,
          null,
          null,
          null,
          null,
          null,
          null,
          null,
          null,
          null,
          null,
          null,
          null,
          null,
          null,
          1,
          null,
          null,
          1,
          null,
          null,
          null
        ]
      },
      "/home/overlander/the_odin_project/rails/testing_practice/config/environment.rb": {
        "lines": [
          null,
          1,
          null,
          null,
          1
        ]
      },
      "/home/overlander/the_odin_project/rails/testing_practice/config/application.rb": {
        "lines": [
          1,
          null,
          1,
          null,
          1,
          1,
          1,
          1,
          1,
          1,
          1,
          1,
          1,
          1,
          null,
          null,
          null,
          null,
          1,
          null,
          1,
          1,
          null,
          1,
          null,
          null,
          null,
          null,
          null,
          null,
          null,
          null,
          null,
          null,
          1,
          null,
          null
        ]
      },
      "/home/overlander/the_odin_project/rails/testing_practice/config/boot.rb": {
        "lines": [
          1,
          null,
          1,
          1
        ]
      },
      "/home/overlander/the_odin_project/rails/testing_practice/config/environments/test.rb": {
        "lines": [
          1,
          null,
          null,
          null,
          null,
          null,
          null,
          1,
          null,
          null,
          null,
          1,
          null,
          null,
          null,
          null,
          1,
          null,
          null,
          1,
          1,
          null,
          null,
          null,
          null,
          1,
          1,
          1,
          null,
          null,
          1,
          null,
          null,
          1,
          null,
          null,
          1,
          null,
          1,
          null,
          null,
          null,
          null,
          1,
          null,
          null,
          1,
          null,
          null,
          1,
          null,
          null,
          1,
          null,
          null,
          null,
          null,
          null,
          null,
          null
        ]
      },
      "/home/overlander/the_odin_project/rails/testing_practice/config/initializers/assets.rb": {
        "lines": [
          null,
          null,
          null,
          1,
          null,
          null,
          null,
          null,
          null,
          null,
          null,
          null
        ]
      },
      "/home/overlander/the_odin_project/rails/testing_practice/config/initializers/content_security_policy.rb": {
        "lines": [
          null,
          null,
          null,
          null,
          null,
          null,
          null,
          null,
          null,
          null,
          null,
          null,
          null,
          null,
          null,
          null,
          null,
          null,
          null,
          null,
          null,
          null,
          null,
          null,
          null
        ]
      },
      "/home/overlander/the_odin_project/rails/testing_practice/config/initializers/filter_parameter_logging.rb": {
        "lines": [
          null,
          null,
          null,
          null,
          null,
          1,
          null,
          null
        ]
      },
      "/home/overlander/the_odin_project/rails/testing_practice/config/initializers/generators.rb": {
        "lines": [
          1,
          1,
          null,
          null,
          null,
          null,
          null,
          null,
          null
        ]
      },
      "/home/overlander/the_odin_project/rails/testing_practice/config/initializers/inflections.rb": {
        "lines": [
          null,
          null,
          null,
          null,
          null,
          null,
          null,
          null,
          null,
          null,
          null,
          null,
          null,
          null,
          null,
          null
        ]
      },
      "/home/overlander/the_odin_project/rails/testing_practice/config/initializers/permissions_policy.rb": {
        "lines": [
          null,
          null,
          null,
          null,
          null,
          null,
          null,
          null,
          null,
          null,
          null
        ]
      },
      "/home/overlander/the_odin_project/rails/testing_practice/spec/factories/cities.rb": {
        "lines": [
          1,
          1,
          1,
          null,
          null
        ]
      },
      "/home/overlander/the_odin_project/rails/testing_practice/spec/factories/phone_numbers.rb": {
        "lines": [
          1,
          1,
          4,
          null,
          null
        ]
      },
      "/home/overlander/the_odin_project/rails/testing_practice/spec/factories/users.rb": {
        "lines": [
          1,
          1,
          1,
          1,
          null,
          null
        ]
      },
      "/home/overlander/the_odin_project/rails/testing_practice/config/routes.rb": {
        "lines": [
          1,
          1,
          1,
          1,
          null,
          null,
          null,
          1,
          null
        ]
      },
      "/home/overlander/the_odin_project/rails/testing_practice/app/helpers/application_helper.rb": {
        "lines": [
          1,
          null
        ]
      },
      "/home/overlander/the_odin_project/rails/testing_practice/app/helpers/cities_helper.rb": {
        "lines": [
          1,
          null
        ]
      },
      "/home/overlander/the_odin_project/rails/testing_practice/app/helpers/hello_world_helper.rb": {
        "lines": [
          1,
          null
        ]
      },
      "/home/overlander/the_odin_project/rails/testing_practice/app/helpers/users_helper.rb": {
        "lines": [
          1,
          null
        ]
      },
      "/home/overlander/the_odin_project/rails/testing_practice/spec/hello_world_spec.rb": {
        "lines": [
          1,
          null,
          1,
          1,
          1,
          1,
          1,
          1,
          null,
          null,
          null
        ]
      },
      "/home/overlander/the_odin_project/rails/testing_practice/spec/models/city_spec.rb": {
        "lines": [
          1,
          null,
          1,
          1,
          null
        ]
      },
      "/home/overlander/the_odin_project/rails/testing_practice/app/models/city.rb": {
        "lines": [
          1,
          1,
          null
        ]
      },
      "/home/overlander/the_odin_project/rails/testing_practice/app/models/application_record.rb": {
        "lines": [
          1,
          1,
          null
        ]
      },
      "/home/overlander/the_odin_project/rails/testing_practice/spec/models/phone_number_spec.rb": {
        "lines": [
          1,
          null,
          1,
          1,
          3,
          null,
          null,
          1,
          2,
          null,
          1,
          1,
          null,
          null,
          null,
          1,
          2,
          null,
          1,
          1,
          null,
          null,
          null,
          1,
          2,
          null,
          1,
          1,
          null,
          null,
          null
        ]
      },
      "/home/overlander/the_odin_project/rails/testing_practice/app/models/phone_number.rb": {
        "lines": [
          1,
          1,
          1,
          null,
          1,
          6,
          null,
          null,
          null,
          null,
          null
        ]
      },
      "/home/overlander/the_odin_project/rails/testing_practice/spec/models/user_spec.rb": {
        "lines": [
          1,
          null,
          1,
          1,
          1,
          1,
          1,
          null,
          null,
          null
        ]
      },
      "/home/overlander/the_odin_project/rails/testing_practice/app/models/user.rb": {
        "lines": [
          1,
          1,
          1,
          null,
          null
        ]
      },
      "/home/overlander/the_odin_project/rails/testing_practice/app/controllers/cities_controller.rb": {
        "lines": [
          1,
          1,
          null,
          null,
          1,
          4,
          null,
          null,
          null,
          1,
          null,
          null,
          null,
          1,
          2,
          null,
          null,
          null,
          1,
          null,
          null,
          null,
          1,
          2,
          null,
          2,
          2,
          2,
          1,
          null,
          2,
          1,
          null,
          null,
          null,
          null,
          null,
          1,
          1,
          1,
          2,
          1,
          null,
          0,
          0,
          null,
          null,
          null,
          null,
          null,
          1,
          1,
          null,
          1,
          2,
          1,
          null,
          null,
          null,
          1,
          null,
          1,
          6,
          null,
          null,
          null,
          1,
          3,
          null,
          null
        ]
      },
      "/home/overlander/the_odin_project/rails/testing_practice/app/controllers/application_controller.rb": {
        "lines": [
          1,
          null
        ]
      },
      "/home/overlander/the_odin_project/rails/testing_practice/app/controllers/hello_world_controller.rb": {
        "lines": [
          1,
          1,
          null,
          null
        ]
      }
    },
    "timestamp": 1663703009
  }
}
